<?xml version="1.0" encoding="UTF-8"?>
<!-- Generated by org.testng.reporters.JUnitXMLReporter -->
<testsuite ignored="2" hostname="jkannamp" failures="0" tests="2" name="Chrometest" time="33.092" errors="0" timestamp="2025-12-29T06:55:44 GMT">
  <testcase classname="testscript.LoginTest" name="verifylogininvalidusername" time="10.521"/>
  <testcase classname="testscript.LoginTest" name="verifylogininvalidusernamepwd" time="7.683"/>
  <testcase classname="testscript.LoginTest" name="verifyloginwithvalidcredentails" time="0.0">
    <ignored/>
  </testcase> <!-- verifyloginwithvalidcredentails -->
  <testcase classname="testscript.LoginTest" name="verifylogininvalidpassword" time="0.0">
    <ignored/>
  </testcase> <!-- verifylogininvalidpassword -->
</testsuite> <!-- Chrometest -->
