<?xml version="1.0" encoding="UTF-8"?>
<!-- Generated by org.testng.reporters.JUnitXMLReporter -->
<testsuite ignored="3" hostname="jkannamp" failures="0" tests="1" name="Chrometest" time="9.174" errors="0" timestamp="2025-12-29T06:53:31 GMT">
  <testcase classname="testscript.LoginTest" name="verifyloginwithvalidcredentails" time="4.197"/>
  <testcase classname="testscript.LoginTest" name="verifylogininvalidusernamepwd" time="0.0">
    <ignored/>
  </testcase> <!-- verifylogininvalidusernamepwd -->
  <testcase classname="testscript.LoginTest" name="verifylogininvalidpassword" time="0.0">
    <ignored/>
  </testcase> <!-- verifylogininvalidpassword -->
  <testcase classname="testscript.LoginTest" name="verifylogininvalidusername" time="0.0">
    <ignored/>
  </testcase> <!-- verifylogininvalidusername -->
</testsuite> <!-- Chrometest -->
