<?xml version="1.0" encoding="UTF-8"?>
<!-- Generated by org.testng.reporters.JUnitXMLReporter -->
<testsuite ignored="3" hostname="jkannamp" failures="1" tests="3" name="regressiontest" time="17.17" errors="0" timestamp="2025-12-29T06:48:07 GMT">
  <testcase classname="testscript.LoginTest" name="verifyloginwithvalidcredentails" time="2.971">
    <skipped/>
  </testcase> <!-- verifyloginwithvalidcredentails -->
  <testcase classname="testscript.LoginTest" name="verifyloginwithvalidcredentails" time="0.132">
    <skipped/>
  </testcase> <!-- verifyloginwithvalidcredentails -->
  <testcase classname="testscript.LoginTest" name="verifyloginwithvalidcredentails" time="0.096">
    <failure type="java.lang.NullPointerException" message="Cannot invoke &amp;quot;org.apache.poi.xssf.usermodel.XSSFCell.getStringCellValue()&amp;quot; because &amp;quot;c&amp;quot; is null">
      <![CDATA[java.lang.NullPointerException: Cannot invoke "org.apache.poi.xssf.usermodel.XSSFCell.getStringCellValue()" because "c" is null
at utilities.ExcelUtility.readStringData(ExcelUtility.java:25)
at testscript.LoginTest.verifyloginwithvalidcredentails(LoginTest.java:19)
at java.base/java.util.ArrayList.forEach(ArrayList.java:1596)
... Removed 25 stack frames]]>
    </failure>
  </testcase> <!-- verifyloginwithvalidcredentails -->
  <testcase classname="testscript.LoginTest" name="verifylogininvalidusername" time="0.0">
    <ignored/>
  </testcase> <!-- verifylogininvalidusername -->
  <testcase classname="testscript.LoginTest" name="verifylogininvalidpassword" time="0.0">
    <ignored/>
  </testcase> <!-- verifylogininvalidpassword -->
  <testcase classname="testscript.LoginTest" name="verifylogininvalidusernamepwd" time="0.0">
    <ignored/>
  </testcase> <!-- verifylogininvalidusernamepwd -->
</testsuite> <!-- regressiontest -->
