<?xml version="1.0" encoding="UTF-8"?>
<!-- Generated by org.testng.reporters.JUnitXMLReporter -->
<testsuite ignored="2" hostname="jkannamp" failures="0" tests="2" name="FirefoxTest" time="10.479" errors="0" timestamp="2025-12-26T06:50:23 GMT">
  <testcase classname="testscript.LoginTest" name="verifylogininvalidusername" time="0.736"/>
  <testcase classname="testscript.LoginTest" name="verifylogininvalidusernamepwd" time="0.666"/>
  <testcase classname="testscript.LoginTest" name="verifylogininvalidpassword" time="0.0">
    <ignored/>
  </testcase> <!-- verifylogininvalidpassword -->
  <testcase classname="testscript.LoginTest" name="verifyloginwithvalidcredentails" time="0.0">
    <ignored/>
  </testcase> <!-- verifyloginwithvalidcredentails -->
</testsuite> <!-- FirefoxTest -->
