<?xml version="1.0" encoding="UTF-8"?>
<!-- Generated by org.testng.reporters.JUnitXMLReporter -->
<testsuite ignored="0" hostname="jkannamp" failures="0" tests="4" name="Default test" time="15.075" errors="0" timestamp="2025-12-18T07:00:30 GMT">
  <testcase classname="testscript.LoginTest" name="verifyloginwithvalidcredentails" time="0.795"/>
  <testcase classname="testscript.LoginTest" name="verifylogininvalidpassword" time="0.282"/>
  <testcase classname="testscript.LoginTest" name="verifylogininvalidusername" time="0.261"/>
  <testcase classname="testscript.LoginTest" name="verifylogininvalidusernamepwd" time="0.321"/>
</testsuite> <!-- Default test -->
