<?xml version="1.0" encoding="UTF-8"?>
<!-- Generated by org.testng.reporters.JUnitXMLReporter -->
<testsuite ignored="0" hostname="jkannamp" failures="0" tests="4" name="Default test" time="20.738" errors="0" timestamp="2025-12-19T06:18:37 GMT">
  <testcase classname="testscript.LoginTest" name="verifyloginwithvalidcredentails" time="1.283"/>
  <testcase classname="testscript.LoginTest" name="verifylogininvalidpassword" time="0.777"/>
  <testcase classname="testscript.LoginTest" name="verifylogininvalidusername" time="0.872"/>
  <testcase classname="testscript.LoginTest" name="verifylogininvalidusernamepwd" time="0.982"/>
</testsuite> <!-- Default test -->
