<?xml version="1.0" encoding="UTF-8"?>
<!-- Generated by org.testng.reporters.JUnitXMLReporter -->
<testsuite ignored="3" hostname="jkannamp" failures="0" tests="1" name="Default test" time="6.155" errors="0" timestamp="2025-12-18T06:47:43 GMT">
  <testcase classname="testscript.LoginDemoTest" name="LoginWithCorrectCredentails" time="1.557"/>
  <testcase classname="testscript.LoginDemoTest" name="LoginIncorrectPassword" time="0.0">
    <ignored/>
  </testcase> <!-- LoginIncorrectPassword -->
  <testcase classname="testscript.LoginDemoTest" name="LoginIncorrectUsername" time="0.0">
    <ignored/>
  </testcase> <!-- LoginIncorrectUsername -->
  <testcase classname="testscript.LoginDemoTest" name="LogininIncorrectUsernamepwd" time="0.0">
    <ignored/>
  </testcase> <!-- LogininIncorrectUsernamepwd -->
</testsuite> <!-- Default test -->
