<?xml version="1.0" encoding="UTF-8"?>
<!-- Generated by org.testng.reporters.JUnitXMLReporter -->
<testsuite ignored="3" hostname="jkannamp" failures="0" tests="1" name="Default test" time="5.864" errors="0" timestamp="2025-12-24T05:53:17 GMT">
  <testcase classname="testscript.LoginTest" name="verifylogininvalidusernamepwd" time="1.989"/>
  <testcase classname="testscript.LoginTest" name="verifylogininvalidpassword" time="0.0">
    <ignored/>
  </testcase> <!-- verifylogininvalidpassword -->
  <testcase classname="testscript.LoginTest" name="verifylogininvalidusername" time="0.0">
    <ignored/>
  </testcase> <!-- verifylogininvalidusername -->
  <testcase classname="testscript.LoginTest" name="verifyloginwithvalidcredentails" time="0.0">
    <ignored/>
  </testcase> <!-- verifyloginwithvalidcredentails -->
</testsuite> <!-- Default test -->
