<?xml version="1.0" encoding="UTF-8"?>
<!-- Generated by org.testng.reporters.JUnitXMLReporter -->
<testsuite ignored="3" hostname="jkannamp" failures="0" tests="1" name="Default test" time="6.187" errors="0" timestamp="2025-12-17T07:18:29 GMT">
  <testcase classname="testScripts.LoginTest" name="LoginWithCorrectCredentails" time="1.677"/>
  <testcase classname="testScripts.LoginTest" name="LogininIncorrectUsernamepwd" time="0.0">
    <ignored/>
  </testcase> <!-- LogininIncorrectUsernamepwd -->
  <testcase classname="testScripts.LoginTest" name="LoginIncorrectUsername" time="0.0">
    <ignored/>
  </testcase> <!-- LoginIncorrectUsername -->
  <testcase classname="testScripts.LoginTest" name="LoginIncorrectPassword" time="0.0">
    <ignored/>
  </testcase> <!-- LoginIncorrectPassword -->
</testsuite> <!-- Default test -->
