<?xml version="1.0" encoding="UTF-8"?>
<!-- Generated by org.testng.reporters.JUnitXMLReporter -->
<testsuite ignored="3" hostname="jkannamp" failures="0" tests="1" name="Test" time="8.457" errors="0" timestamp="2025-12-31T06:33:43 GMT">
  <testcase classname="testscript.LoginTest" name="verifylogininvalidpassword" time="3.938"/>
  <testcase classname="testscript.LoginTest" name="verifylogininvalidusernamepwd" time="0.0">
    <ignored/>
  </testcase> <!-- verifylogininvalidusernamepwd -->
  <testcase classname="testscript.LoginTest" name="verifyloginwithvalidcredentails" time="0.0">
    <ignored/>
  </testcase> <!-- verifyloginwithvalidcredentails -->
  <testcase classname="testscript.LoginTest" name="verifylogininvalidusername" time="0.0">
    <ignored/>
  </testcase> <!-- verifylogininvalidusername -->
</testsuite> <!-- Test -->
