<?xml version="1.0" encoding="UTF-8"?>
<testng-results ignored="0" total="1" passed="1" failed="0" skipped="0">
  <reporter-output>
  </reporter-output>
  <suite started-at="2026-01-02T06:05:17 GMT" name="Suite" finished-at="2026-01-02T06:05:28 GMT" duration-ms="10385">
    <groups>
    </groups>
    <test started-at="2026-01-02T06:05:17 GMT" name="Test" finished-at="2026-01-02T06:05:28 GMT" duration-ms="10385">
      <class name="testscript.LoginTest">
        <test-method is-config="true" signature="browserInitialization(java.lang.String)[pri:0, instance:testscript.LoginTest@7d3e8655]" started-at="2026-01-02T06:05:18 GMT" name="browserInitialization" finished-at="2026-01-02T06:05:22 GMT" duration-ms="4118" status="PASS">
          <params>
            <param index="0">
              <value>
                <![CDATA[chrome]]>
              </value>
            </param>
          </params>
          <reporter-output>
          </reporter-output>
        </test-method> <!-- browserInitialization -->
        <test-method signature="verifylogininvalidpassword()[pri:2, instance:testscript.LoginTest@7d3e8655]" started-at="2026-01-02T06:05:22 GMT" name="verifylogininvalidpassword" finished-at="2026-01-02T06:05:28 GMT" duration-ms="5856" status="PASS">
          <reporter-output>
          </reporter-output>
        </test-method> <!-- verifylogininvalidpassword -->
        <test-method is-config="true" signature="browserQuit(org.testng.ITestResult)[pri:0, instance:testscript.LoginTest@7d3e8655]" started-at="2026-01-02T06:05:28 GMT" name="browserQuit" finished-at="2026-01-02T06:05:28 GMT" duration-ms="337" status="PASS">
          <params>
            <param index="0">
              <value>
                <![CDATA[[TestResult name=verifylogininvalidpassword status=SUCCESS method=LoginTest.verifylogininvalidpassword()[pri:2, instance:testscript.LoginTest@7d3e8655] output={null}]]]>
              </value>
            </param>
          </params>
          <reporter-output>
          </reporter-output>
        </test-method> <!-- browserQuit -->
      </class> <!-- testscript.LoginTest -->
    </test> <!-- Test -->
  </suite> <!-- Suite -->
</testng-results>
