<?xml version="1.0" encoding="UTF-8"?>
<testng-results ignored="0" total="4" passed="4" failed="0" skipped="0">
  <reporter-output>
  </reporter-output>
  <suite started-at="2025-12-18T07:00:15 GMT" name="Default suite" finished-at="2025-12-18T07:00:30 GMT" duration-ms="15075">
    <groups>
    </groups>
    <test started-at="2025-12-18T07:00:15 GMT" name="Default test" finished-at="2025-12-18T07:00:30 GMT" duration-ms="15075">
      <class name="testscript.LoginTest">
        <test-method is-config="true" signature="browserInitialization()[pri:0, instance:testscript.LoginTest@74f0ea28]" started-at="2025-12-18T07:00:15 GMT" name="browserInitialization" finished-at="2025-12-18T07:00:19 GMT" duration-ms="3921" status="PASS">
          <reporter-output>
          </reporter-output>
        </test-method> <!-- browserInitialization -->
        <test-method signature="verifyloginwithvalidcredentails()[pri:1, instance:testscript.LoginTest@74f0ea28]" started-at="2025-12-18T07:00:19 GMT" name="verifyloginwithvalidcredentails" finished-at="2025-12-18T07:00:20 GMT" duration-ms="795" status="PASS">
          <reporter-output>
          </reporter-output>
        </test-method> <!-- verifyloginwithvalidcredentails -->
        <test-method is-config="true" signature="browserClose()[pri:0, instance:testscript.LoginTest@74f0ea28]" started-at="2025-12-18T07:00:20 GMT" name="browserClose" finished-at="2025-12-18T07:00:20 GMT" duration-ms="1" status="PASS">
          <reporter-output>
          </reporter-output>
        </test-method> <!-- browserClose -->
        <test-method is-config="true" signature="browserInitialization()[pri:0, instance:testscript.LoginTest@74f0ea28]" started-at="2025-12-18T07:00:20 GMT" name="browserInitialization" finished-at="2025-12-18T07:00:23 GMT" duration-ms="3055" status="PASS">
          <reporter-output>
          </reporter-output>
        </test-method> <!-- browserInitialization -->
        <test-method signature="verifylogininvalidpassword()[pri:2, instance:testscript.LoginTest@74f0ea28]" started-at="2025-12-18T07:00:23 GMT" name="verifylogininvalidpassword" finished-at="2025-12-18T07:00:23 GMT" duration-ms="282" status="PASS">
          <reporter-output>
          </reporter-output>
        </test-method> <!-- verifylogininvalidpassword -->
        <test-method is-config="true" signature="browserClose()[pri:0, instance:testscript.LoginTest@74f0ea28]" started-at="2025-12-18T07:00:23 GMT" name="browserClose" finished-at="2025-12-18T07:00:23 GMT" duration-ms="2" status="PASS">
          <reporter-output>
          </reporter-output>
        </test-method> <!-- browserClose -->
        <test-method is-config="true" signature="browserInitialization()[pri:0, instance:testscript.LoginTest@74f0ea28]" started-at="2025-12-18T07:00:23 GMT" name="browserInitialization" finished-at="2025-12-18T07:00:26 GMT" duration-ms="3118" status="PASS">
          <reporter-output>
          </reporter-output>
        </test-method> <!-- browserInitialization -->
        <test-method signature="verifylogininvalidusername()[pri:3, instance:testscript.LoginTest@74f0ea28]" started-at="2025-12-18T07:00:26 GMT" name="verifylogininvalidusername" finished-at="2025-12-18T07:00:26 GMT" duration-ms="261" status="PASS">
          <reporter-output>
          </reporter-output>
        </test-method> <!-- verifylogininvalidusername -->
        <test-method is-config="true" signature="browserInitialization()[pri:0, instance:testscript.LoginTest@74f0ea28]" started-at="2025-12-18T07:00:26 GMT" name="browserInitialization" finished-at="2025-12-18T07:00:30 GMT" duration-ms="3259" status="PASS">
          <reporter-output>
          </reporter-output>
        </test-method> <!-- browserInitialization -->
        <test-method is-config="true" signature="browserClose()[pri:0, instance:testscript.LoginTest@74f0ea28]" started-at="2025-12-18T07:00:26 GMT" name="browserClose" finished-at="2025-12-18T07:00:26 GMT" duration-ms="0" status="PASS">
          <reporter-output>
          </reporter-output>
        </test-method> <!-- browserClose -->
        <test-method signature="verifylogininvalidusernamepwd()[pri:4, instance:testscript.LoginTest@74f0ea28]" started-at="2025-12-18T07:00:30 GMT" name="verifylogininvalidusernamepwd" finished-at="2025-12-18T07:00:30 GMT" duration-ms="321" status="PASS">
          <reporter-output>
          </reporter-output>
        </test-method> <!-- verifylogininvalidusernamepwd -->
        <test-method is-config="true" signature="browserClose()[pri:0, instance:testscript.LoginTest@74f0ea28]" started-at="2025-12-18T07:00:30 GMT" name="browserClose" finished-at="2025-12-18T07:00:30 GMT" duration-ms="1" status="PASS">
          <reporter-output>
          </reporter-output>
        </test-method> <!-- browserClose -->
      </class> <!-- testscript.LoginTest -->
    </test> <!-- Default test -->
  </suite> <!-- Default suite -->
</testng-results>
