<?xml version="1.0" encoding="UTF-8"?>
<!-- Generated by org.testng.reporters.JUnitReportReporter -->
<testsuite hostname="jkannamp" failures="0" tests="4" name="testscript.LoginDemoTest" time="15.074" errors="0" timestamp="2025-12-19T06:06:39 GMT" skipped="0">
  <testcase classname="testscript.LoginDemoTest" name="LoginWithCorrectCredentails" time="4.018"/>
  <testcase classname="testscript.LoginDemoTest" name="LoginIncorrectPassword" time="3.339"/>
  <testcase classname="testscript.LoginDemoTest" name="LoginIncorrectUsername" time="3.263"/>
  <testcase classname="testscript.LoginDemoTest" name="LogininIncorrectUsernamepwd" time="4.454"/>
</testsuite> <!-- testscript.LoginDemoTest -->
