<?xml version="1.0" encoding="UTF-8"?>
<!-- Generated by org.testng.reporters.JUnitReportReporter -->
<testsuite hostname="jkannamp" failures="0" tests="4" name="testscript.LoginTest" time="20.649" errors="0" timestamp="2025-12-19T06:18:38 GMT" skipped="0">
  <testcase classname="testscript.LoginTest" name="verifyloginwithvalidcredentails" time="4.925"/>
  <testcase classname="testscript.LoginTest" name="verifylogininvalidpassword" time="5.173"/>
  <testcase classname="testscript.LoginTest" name="verifylogininvalidusername" time="5.327"/>
  <testcase classname="testscript.LoginTest" name="verifylogininvalidusernamepwd" time="5.224"/>
</testsuite> <!-- testscript.LoginTest -->
