<?xml version="1.0" encoding="UTF-8"?>
<!-- Generated by org.testng.reporters.JUnitReportReporter -->
<testsuite hostname="jkannamp" failures="0" tests="4" name="testscript.LoginTest" time="20.232" errors="0" timestamp="2025-12-26T06:50:23 GMT" skipped="0">
  <testcase classname="testscript.LoginTest" name="verifylogininvalidusername" time="6.532"/>
  <testcase classname="testscript.LoginTest" name="verifylogininvalidusername" time="5.210"/>
  <testcase classname="testscript.LoginTest" name="verifylogininvalidusernamepwd" time="4.548"/>
  <testcase classname="testscript.LoginTest" name="verifylogininvalidusernamepwd" time="3.942"/>
</testsuite> <!-- testscript.LoginTest -->
